<?xml version="1.0" encoding="UTF-8"?>
<!-- Generated by org.testng.reporters.JUnitReportReporter -->
<testsuite hostname="DESKTOP-G2AF6P7" failures="0" tests="1" name="com.synechron.apiautomation.apitraining.post.CreateBoard" time="4.541" errors="0" timestamp="2021-09-23T15:54:34 IST" skipped="0">
  <testcase classname="com.synechron.apiautomation.apitraining.post.CreateBoard" name="createAndValidateBoard" time="4.541"/>
  <system-out/>
</testsuite> <!-- com.synechron.apiautomation.apitraining.post.CreateBoard -->
