<?xml version="1.0" encoding="UTF-8"?>
<!-- Generated by org.testng.reporters.JUnitReportReporter -->
<testsuite hostname="DESKTOP-G2AF6P7" failures="0" tests="1" name="com.synechron.apiautomation.apitraining.post.DeserializePOJO" time="0.481" errors="0" timestamp="2021-09-24T12:51:14 IST" skipped="0">
  <testcase classname="com.synechron.apiautomation.apitraining.post.DeserializePOJO" name="deserializeTest" time="0.481"/>
  <system-out/>
</testsuite> <!-- com.synechron.apiautomation.apitraining.post.DeserializePOJO -->
