<?xml version="1.0" encoding="UTF-8"?>
<!-- Generated by org.testng.reporters.JUnitReportReporter -->
<testsuite hostname="DESKTOP-G2AF6P7" failures="0" tests="1" name="com.synechron.apiautomation.apitraining.ser.CompanyDetaailsPOJO" time="0.369" errors="0" timestamp="2021-09-24T12:51:47 IST" skipped="0">
  <testcase classname="com.synechron.apiautomation.apitraining.ser.CompanyDetaailsPOJO" name="generatePOJO" time="0.369"/>
  <system-out/>
</testsuite> <!-- com.synechron.apiautomation.apitraining.ser.CompanyDetaailsPOJO -->
