<?xml version="1.0" encoding="UTF-8"?>
<!-- Generated by org.testng.reporters.JUnitReportReporter -->
<testsuite hostname="DESKTOP-G2AF6P7" failures="0" tests="1" name="com.synechron.apiautomation.apitraining.post.CreateRepository" time="5.081" errors="0" timestamp="2021-09-23T16:07:38 IST" skipped="0">
  <testcase classname="com.synechron.apiautomation.apitraining.post.CreateRepository" name="createRepository" time="5.081"/>
  <system-out/>
</testsuite> <!-- com.synechron.apiautomation.apitraining.post.CreateRepository -->
