<?xml version="1.0" encoding="UTF-8"?>
<!-- Generated by org.testng.reporters.JUnitReportReporter -->
<testsuite hostname="DESKTOP-G2AF6P7" failures="0" tests="1" name="com.synechron.apiautomation.apitraining.response.JsonPathDemo" time="8.011" errors="0" timestamp="2021-09-23T13:04:30 IST" skipped="0">
  <testcase classname="com.synechron.apiautomation.apitraining.response.JsonPathDemo" name="jsonPathValidation" time="8.011"/>
  <system-out/>
</testsuite> <!-- com.synechron.apiautomation.apitraining.response.JsonPathDemo -->
