<?xml version="1.0" encoding="UTF-8"?>
<!-- Generated by org.testng.reporters.JUnitReportReporter -->
<testsuite hostname="DESKTOP-G2AF6P7" failures="0" tests="5" name="com.synechron.apiautomation.apitraining.TrelloGetBoardTest" time="8.701" errors="0" timestamp="2021-09-22T16:23:05 IST" skipped="0">
  <testcase classname="com.synechron.apiautomation.apitraining.TrelloGetBoardTest" name="getBoardUsingMapQueryParameters" time="0.618"/>
  <system-out/>
  <testcase classname="com.synechron.apiautomation.apitraining.TrelloGetBoardTest" name="getBoardUsingQueryParameters" time="0.560"/>
  <system-out/>
  <testcase classname="com.synechron.apiautomation.apitraining.TrelloGetBoardTest" name="getBoardAndReadBodyTest" time="6.464"/>
  <system-out/>
  <testcase classname="com.synechron.apiautomation.apitraining.TrelloGetBoardTest" name="getBoardTest" time="0.564"/>
  <system-out/>
  <testcase classname="com.synechron.apiautomation.apitraining.TrelloGetBoardTest" name="getBoardUsingQueryParameter" time="0.495"/>
  <system-out/>
</testsuite> <!-- com.synechron.apiautomation.apitraining.TrelloGetBoardTest -->
