<?xml version="1.0" encoding="UTF-8"?>
<!-- Generated by org.testng.reporters.JUnitReportReporter -->
<testsuite hostname="DESKTOP-G2AF6P7" failures="0" tests="2" name="com.synechron.apiautomation.apitraining.specifications.ResponseSpecificationDemo" time="8.170" errors="0" timestamp="2021-09-24T16:16:22 IST" skipped="0">
  <testcase classname="com.synechron.apiautomation.apitraining.specifications.ResponseSpecificationDemo" name="getRepoWithReqSpecification" time="1.061"/>
  <system-out/>
  <testcase classname="com.synechron.apiautomation.apitraining.specifications.ResponseSpecificationDemo" name="getRepoWithReqAndResSpecification" time="7.109"/>
  <system-out/>
</testsuite> <!-- com.synechron.apiautomation.apitraining.specifications.ResponseSpecificationDemo -->
