<?xml version="1.0" encoding="UTF-8"?>
<!-- Generated by org.testng.reporters.JUnitReportReporter -->
<testsuite hostname="DESKTOP-G2AF6P7" failures="0" tests="1" name="com.synechron.apiautomation.apitraining.specifications.RequestSpecificationDemo" time="4.670" errors="0" timestamp="2021-09-24T15:35:04 IST" skipped="0">
  <testcase classname="com.synechron.apiautomation.apitraining.specifications.RequestSpecificationDemo" name="createRepoWithSpecification" time="4.670"/>
  <system-out/>
</testsuite> <!-- com.synechron.apiautomation.apitraining.specifications.RequestSpecificationDemo -->
