<?xml version="1.0" encoding="UTF-8"?>
<!-- Generated by org.testng.reporters.JUnitReportReporter -->
<testsuite hostname="DESKTOP-G2AF6P7" failures="0" tests="1" name="com.synechron.apiautomation.apitraining.response.JwayPathDemo" time="6.500" errors="0" timestamp="2021-09-23T15:28:21 IST" skipped="0">
  <testcase classname="com.synechron.apiautomation.apitraining.response.JwayPathDemo" name="getBoardTestWithValidation" time="6.500"/>
  <system-out/>
</testsuite> <!-- com.synechron.apiautomation.apitraining.response.JwayPathDemo -->
