<?xml version="1.0" encoding="UTF-8"?>
<!-- Generated by org.testng.reporters.JUnitReportReporter -->
<testsuite hostname="DESKTOP-G2AF6P7" failures="0" tests="1" name="com.synechron.apiautomation.apitraining.specifications.FiltersReqAndResSpec" time="4.940" errors="0" timestamp="2021-09-24T16:16:47 IST" skipped="0">
  <testcase classname="com.synechron.apiautomation.apitraining.specifications.FiltersReqAndResSpec" name="requestWithFilter" time="4.940"/>
  <system-out/>
</testsuite> <!-- com.synechron.apiautomation.apitraining.specifications.FiltersReqAndResSpec -->
